2019-01-24 15:46:12 [org.apache.ibatis.logging.jdbc.BaseJdbcLogger:159] - ==>  Preparing: SELECT face_token FROM facepass WHERE group_name = ? 
2019-01-24 15:46:12 [org.apache.ibatis.logging.jdbc.BaseJdbcLogger:159] - ==> Parameters: groupname__0101(String)
2019-01-24 15:46:13 [org.apache.ibatis.logging.jdbc.BaseJdbcLogger:159] - <==      Total: 1
2019-01-24 15:46:13 [org.apache.ibatis.logging.jdbc.BaseJdbcLogger:159] - ==>  Preparing: SELECT DISTINCT A.id,A.name,B.group_name FROM user_table as A INNER JOIN facepass as B ON A.id=B.id WHERE group_name = ? 
2019-01-24 15:46:13 [org.apache.ibatis.logging.jdbc.BaseJdbcLogger:159] - ==> Parameters: groupname__0101(String)
2019-01-24 15:46:13 [org.apache.ibatis.logging.jdbc.BaseJdbcLogger:159] - <==      Total: 1
2019-01-24 15:58:50 [org.apache.ibatis.logging.jdbc.BaseJdbcLogger:159] - ==>  Preparing: INSERT INTO user_table (id,name,face) VALUES (?,?, ?) 
2019-01-24 15:58:50 [org.apache.ibatis.logging.jdbc.BaseJdbcLogger:159] - ==> Parameters: 102495(String), 肯定撒(String), [B@44d6c745(byte[])
2019-01-24 15:58:51 [org.apache.ibatis.logging.jdbc.BaseJdbcLogger:159] - <==    Updates: 1
2019-01-24 16:07:35 [org.apache.ibatis.logging.jdbc.BaseJdbcLogger:159] - ==>  Preparing: INSERT INTO user_table (id,name,face) VALUES (?,?, ?) 
2019-01-24 16:07:35 [org.apache.ibatis.logging.jdbc.BaseJdbcLogger:159] - ==> Parameters: 102495(String), 肯定撒(String), [B@2879f626(byte[])
2019-01-24 16:07:35 [org.apache.ibatis.logging.jdbc.BaseJdbcLogger:159] - <==    Updates: 1
2019-01-24 16:14:40 [org.apache.ibatis.logging.jdbc.BaseJdbcLogger:159] - ==>  Preparing: INSERT INTO user_table (id,name,face) VALUES (?,?, ?) 
2019-01-24 16:14:40 [org.apache.ibatis.logging.jdbc.BaseJdbcLogger:159] - ==> Parameters: 102495(String), 肯定撒(String), [B@23d1711d(byte[])
2019-01-24 16:14:40 [org.apache.ibatis.logging.jdbc.BaseJdbcLogger:159] - <==    Updates: 1
2019-01-24 16:18:15 [org.apache.ibatis.logging.jdbc.BaseJdbcLogger:159] - ==>  Preparing: INSERT INTO user_table (id,name,face) VALUES (?,?, ?) 
2019-01-24 16:18:15 [org.apache.ibatis.logging.jdbc.BaseJdbcLogger:159] - ==> Parameters: 102495(String), 肯定撒(String), [B@1c6c0c8b(byte[])
2019-01-24 16:18:15 [org.apache.ibatis.logging.jdbc.BaseJdbcLogger:159] - <==    Updates: 1
2019-01-24 16:32:28 [org.apache.ibatis.logging.jdbc.BaseJdbcLogger:159] - ==>  Preparing: INSERT INTO user_table (id,name,face) VALUES (?,?, ?) 
2019-01-24 16:32:28 [org.apache.ibatis.logging.jdbc.BaseJdbcLogger:159] - ==> Parameters: 102495(String), 肯定撒(String), [B@2f6a8ff0(byte[])
2019-01-24 16:32:28 [org.apache.ibatis.logging.jdbc.BaseJdbcLogger:159] - <==    Updates: 1
2019-01-24 16:33:29 [org.apache.ibatis.logging.jdbc.BaseJdbcLogger:159] - ==>  Preparing: INSERT INTO user_table (id,name,face) VALUES (?,?, ?) 
2019-01-24 16:33:29 [org.apache.ibatis.logging.jdbc.BaseJdbcLogger:159] - ==> Parameters: 102495(String), 肯定撒(String), [B@20a57b39(byte[])
2019-01-24 16:33:29 [org.apache.ibatis.logging.jdbc.BaseJdbcLogger:159] - <==    Updates: 1
2019-01-24 16:40:56 [org.apache.ibatis.logging.jdbc.BaseJdbcLogger:159] - ==>  Preparing: INSERT INTO user_table (id,name,face) VALUES (?,?, ?) 
2019-01-24 16:40:56 [org.apache.ibatis.logging.jdbc.BaseJdbcLogger:159] - ==> Parameters: 102495(String), 肯定撒(String), [B@3648e0df(byte[])
2019-01-24 16:40:57 [org.apache.ibatis.logging.jdbc.BaseJdbcLogger:159] - <==    Updates: 1
2019-01-24 16:42:42 [org.apache.ibatis.logging.jdbc.BaseJdbcLogger:159] - ==>  Preparing: INSERT INTO user_table (id,name,face) VALUES (?,?, ?) 
2019-01-24 16:42:42 [org.apache.ibatis.logging.jdbc.BaseJdbcLogger:159] - ==> Parameters: 102495(String), 肯定撒(String), [B@4f95588a(byte[])
2019-01-24 16:42:42 [org.apache.ibatis.logging.jdbc.BaseJdbcLogger:159] - <==    Updates: 1
2019-01-24 16:49:19 [org.apache.ibatis.logging.jdbc.BaseJdbcLogger:159] - ==>  Preparing: INSERT INTO user_table (id,name,face) VALUES (?,?, ?) 
2019-01-24 16:49:19 [org.apache.ibatis.logging.jdbc.BaseJdbcLogger:159] - ==> Parameters: 102495(String), 肯定撒(String), [B@139dfe5a(byte[])
2019-01-24 16:49:19 [org.apache.ibatis.logging.jdbc.BaseJdbcLogger:159] - <==    Updates: 1
2019-01-24 17:04:50 [org.apache.ibatis.logging.jdbc.BaseJdbcLogger:159] - ==>  Preparing: SELECT id,name,face FROM user_table WHERE id = ? 
2019-01-24 17:04:50 [org.apache.ibatis.logging.jdbc.BaseJdbcLogger:159] - ==> Parameters: 102497(String)
2019-01-24 17:04:50 [org.apache.ibatis.logging.jdbc.BaseJdbcLogger:159] - <==      Total: 0
2019-01-24 17:05:09 [org.apache.ibatis.logging.jdbc.BaseJdbcLogger:159] - ==>  Preparing: SELECT id,name,face FROM user_table WHERE id = ? 
2019-01-24 17:05:09 [org.apache.ibatis.logging.jdbc.BaseJdbcLogger:159] - ==> Parameters: 102498(String)
2019-01-24 17:05:09 [org.apache.ibatis.logging.jdbc.BaseJdbcLogger:159] - <==      Total: 0
2019-01-24 17:06:37 [org.apache.ibatis.logging.jdbc.BaseJdbcLogger:159] - ==>  Preparing: SELECT id,name,face FROM user_table WHERE id = ? 
2019-01-24 17:06:37 [org.apache.ibatis.logging.jdbc.BaseJdbcLogger:159] - ==> Parameters: 102498(String)
2019-01-24 17:06:37 [org.apache.ibatis.logging.jdbc.BaseJdbcLogger:159] - <==      Total: 0
2019-01-24 17:06:44 [org.apache.ibatis.logging.jdbc.BaseJdbcLogger:159] - ==>  Preparing: SELECT id,name,face FROM user_table WHERE id = ? 
2019-01-24 17:06:44 [org.apache.ibatis.logging.jdbc.BaseJdbcLogger:159] - ==> Parameters: 1024911(String)
2019-01-24 17:06:44 [org.apache.ibatis.logging.jdbc.BaseJdbcLogger:159] - <==      Total: 0
2019-01-24 17:09:14 [org.apache.ibatis.logging.jdbc.BaseJdbcLogger:159] - ==>  Preparing: SELECT id,name,face FROM user_table WHERE id = ? 
2019-01-24 17:09:14 [org.apache.ibatis.logging.jdbc.BaseJdbcLogger:159] - ==> Parameters: 1024911(String)
2019-01-24 17:09:14 [org.apache.ibatis.logging.jdbc.BaseJdbcLogger:159] - <==      Total: 0
2019-01-24 17:09:40 [org.apache.ibatis.logging.jdbc.BaseJdbcLogger:159] - ==>  Preparing: SELECT id,name,face FROM user_table WHERE id = ? 
2019-01-24 17:09:40 [org.apache.ibatis.logging.jdbc.BaseJdbcLogger:159] - ==> Parameters: 1024912(String)
2019-01-24 17:09:40 [org.apache.ibatis.logging.jdbc.BaseJdbcLogger:159] - <==      Total: 0
2019-01-24 17:11:35 [org.apache.ibatis.logging.jdbc.BaseJdbcLogger:159] - ==>  Preparing: SELECT id,name,face FROM user_table WHERE id = ? 
2019-01-24 17:11:35 [org.apache.ibatis.logging.jdbc.BaseJdbcLogger:159] - ==> Parameters: 1024915(String)
2019-01-24 17:11:35 [org.apache.ibatis.logging.jdbc.BaseJdbcLogger:159] - <==      Total: 0
2019-01-24 17:12:52 [org.apache.ibatis.logging.jdbc.BaseJdbcLogger:159] - ==>  Preparing: SELECT id,name,face FROM user_table WHERE id = ? 
2019-01-24 17:12:52 [org.apache.ibatis.logging.jdbc.BaseJdbcLogger:159] - ==> Parameters: 1024916(String)
2019-01-24 17:12:52 [org.apache.ibatis.logging.jdbc.BaseJdbcLogger:159] - <==      Total: 0
2019-01-24 17:15:21 [org.apache.ibatis.logging.jdbc.BaseJdbcLogger:159] - ==>  Preparing: SELECT id,name,face FROM user_table WHERE id = ? 
2019-01-24 17:15:21 [org.apache.ibatis.logging.jdbc.BaseJdbcLogger:159] - ==> Parameters: 1024916(String)
2019-01-24 17:15:21 [org.apache.ibatis.logging.jdbc.BaseJdbcLogger:159] - <==      Total: 0
